nohup: ignoring input

[38;5;48m   _           _ _     _ _    _ _                                _
  | |         (_) |   | | |  (_) |                              | |
  | |__  _   _ _| | __| | | ___| |_ ___    __ _  __ _  ___ _ __ | |_
  | '_ \| | | | | |/ _` | |/ / | __/ _ \  / _` |/ _` |/ _ \ '_ \| __|
  | |_) | |_| | | | (_| |   <| | ||  __/ | (_| | (_| |  __/ | | | |_
  |_.__/ \__,_|_|_|\__,_|_|\_\_|\__\___|  \__,_|\__, |\___|_| |_|\__|
                                                 __/ |
 https://buildkite.com/agent                    |___/
[0m
[1;36m2024-11-26 16:16:14 NOTICE[0m [0mStarting buildkite-agent v3.87.0 with PID: 2076[0m
[1;36m2024-11-26 16:16:14 NOTICE[0m [0mThe agent source code can be found here: https://github.com/buildkite/agent[0m
[1;36m2024-11-26 16:16:14 NOTICE[0m [0mFor questions and support, email us at: hello@buildkite.com[0m
[38;5;48m2024-11-26 16:16:14 INFO  [0m [0mConfiguration loaded[0m [1;38;5;251mpath=[0m[0m/etc/buildkite-agent/buildkite-agent.cfg[0m
[38;5;48m2024-11-26 16:16:14 INFO  [0m [0mBuild Path doesn't exist, creating it (/var/lib/buildkite-agent/builds)[0m
[38;5;48m2024-11-26 16:16:14 INFO  [0m [0mRegistering agent with Buildkite...[0m
[38;5;48m2024-11-26 16:16:15 INFO  [0m [0mSuccessfully registered agent "ip-172-31-32-80-1" with tags [queue=default][0m
[38;5;48m2024-11-26 16:16:15 INFO  [0m [0mStarting 1 Agent(s)[0m
[38;5;48m2024-11-26 16:16:15 INFO  [0m [0mYou can press Ctrl-C to stop the agents[0m
[38;5;48m2024-11-26 16:16:15 INFO  [0m [38;5;243mip-172-31-32-80-1[0m [0mConnecting to Buildkite...[0m 
[38;5;48m2024-11-26 16:16:16 INFO  [0m [38;5;243mip-172-31-32-80-1[0m [0mWaiting for work...[0m 
[38;5;48m2024-11-26 16:19:18 INFO  [0m [38;5;243mip-172-31-32-80-1[0m [0mAssigned job 01936945-1f27-4850-b4c4-93c444c6f42f. Accepting...[0m 
[38;5;48m2024-11-26 16:19:19 INFO  [0m [38;5;243mip-172-31-32-80-1[0m [0mStarting job 01936945-1f27-4850-b4c4-93c444c6f42f[0m 
[38;5;48m2024-11-26 16:19:19 INFO  [0m [38;5;243mip-172-31-32-80-1[0m [0m[Process] Process is running with PID: 2226[0m 
[38;5;48m2024-11-26 16:19:28 INFO  [0m [38;5;243mip-172-31-32-80-1[0m [0mProcess with PID: 2226 finished with Exit Status: 128, Signal: nil[0m 
[38;5;48m2024-11-26 16:19:29 INFO  [0m [38;5;243mip-172-31-32-80-1[0m [0mFinished job 01936945-1f27-4850-b4c4-93c444c6f42f[0m 
[38;5;48m2024-11-26 16:25:40 INFO  [0m [38;5;243mip-172-31-32-80-1[0m [0mAssigned job 0193694a-f06e-469f-8ad6-57cf3d3fe702. Accepting...[0m 
[38;5;48m2024-11-26 16:25:40 INFO  [0m [38;5;243mip-172-31-32-80-1[0m [0mStarting job 0193694a-f06e-469f-8ad6-57cf3d3fe702[0m 
[38;5;48m2024-11-26 16:25:41 INFO  [0m [38;5;243mip-172-31-32-80-1[0m [0m[Process] Process is running with PID: 2565[0m 
[38;5;48m2024-11-26 16:25:48 INFO  [0m [38;5;243mip-172-31-32-80-1[0m [0mProcess with PID: 2565 finished with Exit Status: 128, Signal: nil[0m 
[38;5;48m2024-11-26 16:25:49 INFO  [0m [38;5;243mip-172-31-32-80-1[0m [0mFinished job 0193694a-f06e-469f-8ad6-57cf3d3fe702[0m 
[38;5;48m2024-11-26 16:28:18 INFO  [0m [38;5;243mip-172-31-32-80-1[0m [0mAssigned job 0193694d-596d-4daf-b5d1-00c1d95f5621. Accepting...[0m 
[38;5;48m2024-11-26 16:28:19 INFO  [0m [38;5;243mip-172-31-32-80-1[0m [0mStarting job 0193694d-596d-4daf-b5d1-00c1d95f5621[0m 
[38;5;48m2024-11-26 16:28:19 INFO  [0m [38;5;243mip-172-31-32-80-1[0m [0m[Process] Process is running with PID: 2722[0m 
[38;5;48m2024-11-26 16:28:26 INFO  [0m [38;5;243mip-172-31-32-80-1[0m [0mProcess with PID: 2722 finished with Exit Status: 128, Signal: nil[0m 
[38;5;48m2024-11-26 16:28:27 INFO  [0m [38;5;243mip-172-31-32-80-1[0m [0mFinished job 0193694d-596d-4daf-b5d1-00c1d95f5621[0m 
[38;5;48m2024-11-26 16:43:08 INFO  [0m [38;5;243mip-172-31-32-80-1[0m [0mAssigned job 0193695a-ede4-4abf-a952-a66e7b3380d2. Accepting...[0m 
[38;5;48m2024-11-26 16:43:08 INFO  [0m [38;5;243mip-172-31-32-80-1[0m [0mStarting job 0193695a-ede4-4abf-a952-a66e7b3380d2[0m 
[38;5;48m2024-11-26 16:43:09 INFO  [0m [38;5;243mip-172-31-32-80-1[0m [0m[Process] Process is running with PID: 3998[0m 
[38;5;48m2024-11-26 16:43:16 INFO  [0m [38;5;243mip-172-31-32-80-1[0m [0mProcess with PID: 3998 finished with Exit Status: 128, Signal: nil[0m 
[38;5;48m2024-11-26 16:43:17 INFO  [0m [38;5;243mip-172-31-32-80-1[0m [0mFinished job 0193695a-ede4-4abf-a952-a66e7b3380d2[0m 
[38;5;48m2024-11-26 16:50:49 INFO  [0m [38;5;243mip-172-31-32-80-1[0m [0mAssigned job 01936961-f75a-48bf-8d29-eea493c28aea. Accepting...[0m 
[38;5;48m2024-11-26 16:50:50 INFO  [0m [38;5;243mip-172-31-32-80-1[0m [0mStarting job 01936961-f75a-48bf-8d29-eea493c28aea[0m 
[38;5;48m2024-11-26 16:50:50 INFO  [0m [38;5;243mip-172-31-32-80-1[0m [0m[Process] Process is running with PID: 4411[0m 
[38;5;48m2024-11-26 16:50:57 INFO  [0m [38;5;243mip-172-31-32-80-1[0m [0mProcess with PID: 4411 finished with Exit Status: 128, Signal: nil[0m 
[38;5;48m2024-11-26 16:50:58 INFO  [0m [38;5;243mip-172-31-32-80-1[0m [0mFinished job 01936961-f75a-48bf-8d29-eea493c28aea[0m 
[38;5;48m2024-11-26 17:25:35 INFO  [0m [38;5;243mip-172-31-32-80-1[0m [0mAssigned job 01936981-cc09-40f9-bf4d-879e458f3e60. Accepting...[0m 
[38;5;48m2024-11-26 17:25:35 INFO  [0m [38;5;243mip-172-31-32-80-1[0m [0mStarting job 01936981-cc09-40f9-bf4d-879e458f3e60[0m 
[38;5;48m2024-11-26 17:25:36 INFO  [0m [38;5;243mip-172-31-32-80-1[0m [0m[Process] Process is running with PID: 6700[0m 
[38;5;48m2024-11-26 17:25:43 INFO  [0m [38;5;243mip-172-31-32-80-1[0m [0mProcess with PID: 6700 finished with Exit Status: 128, Signal: nil[0m 
[38;5;48m2024-11-26 17:25:44 INFO  [0m [38;5;243mip-172-31-32-80-1[0m [0mFinished job 01936981-cc09-40f9-bf4d-879e458f3e60[0m 
[38;5;48m2024-11-26 17:31:47 INFO  [0m [38;5;243mip-172-31-32-80-1[0m [0mAssigned job 01936987-795c-49c8-aed2-732fac56a73f. Accepting...[0m 
[38;5;48m2024-11-26 17:31:48 INFO  [0m [38;5;243mip-172-31-32-80-1[0m [0mStarting job 01936987-795c-49c8-aed2-732fac56a73f[0m 
[38;5;48m2024-11-26 17:31:49 INFO  [0m [38;5;243mip-172-31-32-80-1[0m [0m[Process] Process is running with PID: 7029[0m 
[38;5;48m2024-11-26 17:31:56 INFO  [0m [38;5;243mip-172-31-32-80-1[0m [0mProcess with PID: 7029 finished with Exit Status: 128, Signal: nil[0m 
[38;5;48m2024-11-26 17:31:56 INFO  [0m [38;5;243mip-172-31-32-80-1[0m [0mFinished job 01936987-795c-49c8-aed2-732fac56a73f[0m 
[38;5;48m2024-11-26 17:32:11 INFO  [0m [38;5;243mip-172-31-32-80-1[0m [0mAssigned job 01936987-d654-425b-bbed-21baa9abeef3. Accepting...[0m 
[38;5;48m2024-11-26 17:32:12 INFO  [0m [38;5;243mip-172-31-32-80-1[0m [0mStarting job 01936987-d654-425b-bbed-21baa9abeef3[0m 
[38;5;48m2024-11-26 17:32:12 INFO  [0m [38;5;243mip-172-31-32-80-1[0m [0m[Process] Process is running with PID: 7065[0m 
[38;5;48m2024-11-26 17:32:19 INFO  [0m [38;5;243mip-172-31-32-80-1[0m [0mProcess with PID: 7065 finished with Exit Status: 128, Signal: nil[0m 
[38;5;48m2024-11-26 17:32:20 INFO  [0m [38;5;243mip-172-31-32-80-1[0m [0mFinished job 01936987-d654-425b-bbed-21baa9abeef3[0m 
[38;5;48m2024-11-26 17:34:53 INFO  [0m [38;5;243mip-172-31-32-80-1[0m [0mAssigned job 0193698a-4d7c-485c-a3cd-e3fadc9953ef. Accepting...[0m 
[38;5;48m2024-11-26 17:34:53 INFO  [0m [38;5;243mip-172-31-32-80-1[0m [0mStarting job 0193698a-4d7c-485c-a3cd-e3fadc9953ef[0m 
[38;5;48m2024-11-26 17:34:54 INFO  [0m [38;5;243mip-172-31-32-80-1[0m [0m[Process] Process is running with PID: 7237[0m 
[38;5;48m2024-11-26 17:35:01 INFO  [0m [38;5;243mip-172-31-32-80-1[0m [0mProcess with PID: 7237 finished with Exit Status: 128, Signal: nil[0m 
[38;5;48m2024-11-26 17:35:02 INFO  [0m [38;5;243mip-172-31-32-80-1[0m [0mFinished job 0193698a-4d7c-485c-a3cd-e3fadc9953ef[0m 
[38;5;48m2024-11-26 17:47:09 INFO  [0m [38;5;243mip-172-31-32-80-1[0m [0mAssigned job 01936995-8a80-40a5-a2d6-2eb99fbbbc66. Accepting...[0m 
[38;5;48m2024-11-26 17:47:10 INFO  [0m [38;5;243mip-172-31-32-80-1[0m [0mStarting job 01936995-8a80-40a5-a2d6-2eb99fbbbc66[0m 
[38;5;48m2024-11-26 17:47:11 INFO  [0m [38;5;243mip-172-31-32-80-1[0m [0m[Process] Process is running with PID: 7902[0m 
[38;5;48m2024-11-26 17:47:18 INFO  [0m [38;5;243mip-172-31-32-80-1[0m [0mProcess with PID: 7902 finished with Exit Status: 128, Signal: nil[0m 
[38;5;48m2024-11-26 17:47:18 INFO  [0m [38;5;243mip-172-31-32-80-1[0m [0mFinished job 01936995-8a80-40a5-a2d6-2eb99fbbbc66[0m 
[38;5;48m2024-11-26 17:47:29 INFO  [0m [38;5;243mip-172-31-32-80-1[0m [0mAssigned job 01936995-d833-4f8e-b2df-31334904668e. Accepting...[0m 
[38;5;48m2024-11-26 17:47:29 INFO  [0m [38;5;243mip-172-31-32-80-1[0m [0mStarting job 01936995-d833-4f8e-b2df-31334904668e[0m 
[38;5;48m2024-11-26 17:47:30 INFO  [0m [38;5;243mip-172-31-32-80-1[0m [0m[Process] Process is running with PID: 7918[0m 
[38;5;48m2024-11-26 17:47:37 INFO  [0m [38;5;243mip-172-31-32-80-1[0m [0mProcess with PID: 7918 finished with Exit Status: 128, Signal: nil[0m 
[38;5;48m2024-11-26 17:47:38 INFO  [0m [38;5;243mip-172-31-32-80-1[0m [0mFinished job 01936995-d833-4f8e-b2df-31334904668e[0m 
[38;5;48m2024-11-26 17:52:16 INFO  [0m [38;5;243mip-172-31-32-80-1[0m [0mAssigned job 0193699a-3c63-4fc3-ba73-3226923d196c. Accepting...[0m 
[38;5;48m2024-11-26 17:52:17 INFO  [0m [38;5;243mip-172-31-32-80-1[0m [0mStarting job 0193699a-3c63-4fc3-ba73-3226923d196c[0m 
[38;5;48m2024-11-26 17:52:18 INFO  [0m [38;5;243mip-172-31-32-80-1[0m [0m[Process] Process is running with PID: 7982[0m 
[38;5;48m2024-11-26 17:52:25 INFO  [0m [38;5;243mip-172-31-32-80-1[0m [0mProcess with PID: 7982 finished with Exit Status: 128, Signal: nil[0m 
[38;5;48m2024-11-26 17:52:25 INFO  [0m [38;5;243mip-172-31-32-80-1[0m [0mFinished job 0193699a-3c63-4fc3-ba73-3226923d196c[0m 
[38;5;48m2024-11-26 18:03:19 INFO  [0m [38;5;243mip-172-31-32-80-1[0m [0mAssigned job 019369a4-557f-4db2-ac7c-e245df1d892c. Accepting...[0m 
[38;5;48m2024-11-26 18:03:19 INFO  [0m [38;5;243mip-172-31-32-80-1[0m [0mStarting job 019369a4-557f-4db2-ac7c-e245df1d892c[0m 
[38;5;48m2024-11-26 18:03:20 INFO  [0m [38;5;243mip-172-31-32-80-1[0m [0m[Process] Process is running with PID: 8042[0m 
[38;5;48m2024-11-26 18:03:27 INFO  [0m [38;5;243mip-172-31-32-80-1[0m [0mProcess with PID: 8042 finished with Exit Status: 128, Signal: nil[0m 
[38;5;48m2024-11-26 18:03:28 INFO  [0m [38;5;243mip-172-31-32-80-1[0m [0mFinished job 019369a4-557f-4db2-ac7c-e245df1d892c[0m 
[38;5;48m2024-11-26 22:16:51 INFO  [0m [38;5;243mip-172-31-32-80-1[0m [0mAssigned job 01936a8c-753f-4b1e-a002-efd3fc729a03. Accepting...[0m 
[38;5;48m2024-11-26 22:16:52 INFO  [0m [38;5;243mip-172-31-32-80-1[0m [0mStarting job 01936a8c-753f-4b1e-a002-efd3fc729a03[0m 
[38;5;48m2024-11-26 22:16:53 INFO  [0m [38;5;243mip-172-31-32-80-1[0m [0m[Process] Process is running with PID: 10363[0m 
[38;5;48m2024-11-26 22:17:00 INFO  [0m [38;5;243mip-172-31-32-80-1[0m [0mProcess with PID: 10363 finished with Exit Status: 128, Signal: nil[0m 
[38;5;48m2024-11-26 22:17:01 INFO  [0m [38;5;243mip-172-31-32-80-1[0m [0mFinished job 01936a8c-753f-4b1e-a002-efd3fc729a03[0m 
[38;5;48m2024-11-26 22:22:11 INFO  [0m [38;5;243mip-172-31-32-80-1[0m [0mAssigned job 01936a91-5a3e-43bb-9e2a-171b447e3974. Accepting...[0m 
[38;5;48m2024-11-26 22:22:12 INFO  [0m [38;5;243mip-172-31-32-80-1[0m [0mStarting job 01936a91-5a3e-43bb-9e2a-171b447e3974[0m 
[38;5;48m2024-11-26 22:22:13 INFO  [0m [38;5;243mip-172-31-32-80-1[0m [0m[Process] Process is running with PID: 10399[0m 
[38;5;48m2024-11-26 22:22:20 INFO  [0m [38;5;243mip-172-31-32-80-1[0m [0mProcess with PID: 10399 finished with Exit Status: 128, Signal: nil[0m 
[38;5;48m2024-11-26 22:22:21 INFO  [0m [38;5;243mip-172-31-32-80-1[0m [0mFinished job 01936a91-5a3e-43bb-9e2a-171b447e3974[0m 
[38;5;48m2024-11-26 22:26:38 INFO  [0m [38;5;243mip-172-31-32-80-1[0m [0mAssigned job 01936a95-6b4b-4256-b14d-7ce365a4a672. Accepting...[0m 
[38;5;48m2024-11-26 22:26:39 INFO  [0m [38;5;243mip-172-31-32-80-1[0m [0mStarting job 01936a95-6b4b-4256-b14d-7ce365a4a672[0m 
[38;5;48m2024-11-26 22:26:39 INFO  [0m [38;5;243mip-172-31-32-80-1[0m [0m[Process] Process is running with PID: 10447[0m 
[38;5;48m2024-11-26 22:26:46 INFO  [0m [38;5;243mip-172-31-32-80-1[0m [0mProcess with PID: 10447 finished with Exit Status: 128, Signal: nil[0m 
[38;5;48m2024-11-26 22:26:47 INFO  [0m [38;5;243mip-172-31-32-80-1[0m [0mFinished job 01936a95-6b4b-4256-b14d-7ce365a4a672[0m 
[38;5;48m2024-11-26 22:42:13 INFO  [0m [38;5;243mip-172-31-32-80-1[0m [0mAssigned job 01936aa3-aec3-4d64-b4d3-b2dd710b888e. Accepting...[0m 
[38;5;48m2024-11-26 22:42:13 INFO  [0m [38;5;243mip-172-31-32-80-1[0m [0mStarting job 01936aa3-aec3-4d64-b4d3-b2dd710b888e[0m 
[38;5;48m2024-11-26 22:42:14 INFO  [0m [38;5;243mip-172-31-32-80-1[0m [0m[Process] Process is running with PID: 10548[0m 
[38;5;48m2024-11-26 22:42:21 INFO  [0m [38;5;243mip-172-31-32-80-1[0m [0mProcess with PID: 10548 finished with Exit Status: 128, Signal: nil[0m 
[38;5;48m2024-11-26 22:42:22 INFO  [0m [38;5;243mip-172-31-32-80-1[0m [0mFinished job 01936aa3-aec3-4d64-b4d3-b2dd710b888e[0m 
[38;5;48m2024-11-26 22:56:52 INFO  [0m [38;5;243mip-172-31-32-80-1[0m [0mAssigned job 01936ab1-18ed-472d-b079-40a86693426a. Accepting...[0m 
[38;5;48m2024-11-26 22:56:53 INFO  [0m [38;5;243mip-172-31-32-80-1[0m [0mStarting job 01936ab1-18ed-472d-b079-40a86693426a[0m 
[38;5;48m2024-11-26 22:56:54 INFO  [0m [38;5;243mip-172-31-32-80-1[0m [0m[Process] Process is running with PID: 10644[0m 
[38;5;48m2024-11-26 22:57:01 INFO  [0m [38;5;243mip-172-31-32-80-1[0m [0mProcess with PID: 10644 finished with Exit Status: 128, Signal: nil[0m 
[38;5;48m2024-11-26 22:57:02 INFO  [0m [38;5;243mip-172-31-32-80-1[0m [0mFinished job 01936ab1-18ed-472d-b079-40a86693426a[0m 
[38;5;48m2024-11-26 23:06:11 INFO  [0m [38;5;243mip-172-31-32-80-1[0m [0mAssigned job 01936ab9-a08f-4566-b626-d28715805676. Accepting...[0m 
[38;5;48m2024-11-26 23:06:12 INFO  [0m [38;5;243mip-172-31-32-80-1[0m [0mStarting job 01936ab9-a08f-4566-b626-d28715805676[0m 
[38;5;48m2024-11-26 23:06:12 INFO  [0m [38;5;243mip-172-31-32-80-1[0m [0m[Process] Process is running with PID: 10712[0m 
[38;5;48m2024-11-26 23:06:19 INFO  [0m [38;5;243mip-172-31-32-80-1[0m [0mProcess with PID: 10712 finished with Exit Status: 128, Signal: nil[0m 
[38;5;48m2024-11-26 23:06:20 INFO  [0m [38;5;243mip-172-31-32-80-1[0m [0mFinished job 01936ab9-a08f-4566-b626-d28715805676[0m 
[38;5;48m2024-11-26 23:12:09 INFO  [0m [38;5;243mip-172-31-32-80-1[0m [0mAssigned job 01936abf-1596-436f-8df0-feb6e5010d90. Accepting...[0m 
[38;5;48m2024-11-26 23:12:10 INFO  [0m [38;5;243mip-172-31-32-80-1[0m [0mStarting job 01936abf-1596-436f-8df0-feb6e5010d90[0m 
[38;5;48m2024-11-26 23:12:10 INFO  [0m [38;5;243mip-172-31-32-80-1[0m [0m[Process] Process is running with PID: 10749[0m 
[38;5;48m2024-11-26 23:12:17 INFO  [0m [38;5;243mip-172-31-32-80-1[0m [0mProcess with PID: 10749 finished with Exit Status: 128, Signal: nil[0m 
[38;5;48m2024-11-26 23:12:18 INFO  [0m [38;5;243mip-172-31-32-80-1[0m [0mFinished job 01936abf-1596-436f-8df0-feb6e5010d90[0m 
[38;5;48m2024-11-26 23:20:28 INFO  [0m [38;5;243mip-172-31-32-80-1[0m [0mAssigned job 01936ac6-b25e-42c5-8702-5017423065cf. Accepting...[0m 
[38;5;48m2024-11-26 23:20:28 INFO  [0m [38;5;243mip-172-31-32-80-1[0m [0mStarting job 01936ac6-b25e-42c5-8702-5017423065cf[0m 
[38;5;48m2024-11-26 23:20:29 INFO  [0m [38;5;243mip-172-31-32-80-1[0m [0m[Process] Process is running with PID: 10792[0m 
[38;5;48m2024-11-26 23:20:37 INFO  [0m [38;5;243mip-172-31-32-80-1[0m [0mProcess with PID: 10792 finished with Exit Status: 128, Signal: nil[0m 
[38;5;48m2024-11-26 23:20:38 INFO  [0m [38;5;243mip-172-31-32-80-1[0m [0mFinished job 01936ac6-b25e-42c5-8702-5017423065cf[0m 
[38;5;48m2024-11-26 23:20:53 INFO  [0m [38;5;243mip-172-31-32-80-1[0m [0mAssigned job 01936ac7-1265-47eb-b9f2-4ebf3151fe9f. Accepting...[0m 
[38;5;48m2024-11-26 23:20:53 INFO  [0m [38;5;243mip-172-31-32-80-1[0m [0mStarting job 01936ac7-1265-47eb-b9f2-4ebf3151fe9f[0m 
[38;5;48m2024-11-26 23:20:54 INFO  [0m [38;5;243mip-172-31-32-80-1[0m [0m[Process] Process is running with PID: 10821[0m 
[38;5;48m2024-11-26 23:21:01 INFO  [0m [38;5;243mip-172-31-32-80-1[0m [0mProcess with PID: 10821 finished with Exit Status: 128, Signal: nil[0m 
[38;5;48m2024-11-26 23:21:02 INFO  [0m [38;5;243mip-172-31-32-80-1[0m [0mFinished job 01936ac7-1265-47eb-b9f2-4ebf3151fe9f[0m 
[38;5;48m2024-11-26 23:24:29 INFO  [0m [38;5;243mip-172-31-32-80-1[0m [0mAssigned job 01936aca-6461-49ae-bba2-1aeee637dccd. Accepting...[0m 
[38;5;48m2024-11-26 23:24:30 INFO  [0m [38;5;243mip-172-31-32-80-1[0m [0mStarting job 01936aca-6461-49ae-bba2-1aeee637dccd[0m 
[38;5;48m2024-11-26 23:24:31 INFO  [0m [38;5;243mip-172-31-32-80-1[0m [0m[Process] Process is running with PID: 10862[0m 
[38;5;48m2024-11-26 23:24:38 INFO  [0m [38;5;243mip-172-31-32-80-1[0m [0mProcess with PID: 10862 finished with Exit Status: 128, Signal: nil[0m 
[38;5;48m2024-11-26 23:24:39 INFO  [0m [38;5;243mip-172-31-32-80-1[0m [0mFinished job 01936aca-6461-49ae-bba2-1aeee637dccd[0m 
